<?xml version="1.0" encoding="UTF-8"?>
<!-- Generated by org.testng.reporters.JUnitXMLReporter -->
<testsuite ignored="0" hostname="mosin" failures="0" tests="4" name="mytest" time="10.353" errors="0" timestamp="2024-02-06T14:40:53 IST">
  <testcase classname="day37.ParamTestPractice" name="logoTest" time="0.033"/>
  <testcase classname="day37.ParamTest" name="testLogo" time="0.083"/>
  <testcase classname="day37.ParamTest" name="testHomepageTitle" time="0.023"/>
  <testcase classname="day37.ParamTestPractice" name="titleTest" time="0.014"/>
</testsuite> <!-- mytest -->
