<?xml version="1.0" encoding="UTF-8"?>
<!-- Generated by org.testng.reporters.JUnitXMLReporter -->
<testsuite ignored="0" hostname="mosin" failures="1" tests="3" name="Test" time="0.053" errors="0" timestamp="2024-02-06T15:22:57 IST">
  <testcase classname="day38.MyTest" name="test1" time="0.013"/>
  <testcase classname="day38.MyTest" name="test2" time="0.003">
    <failure type="java.lang.AssertionError" message="expected [B] but found [A]">
      <![CDATA[java.lang.AssertionError: expected [B] but found [A]
at day38.MyTest.test2(MyTest.java:17)
at java.base/java.util.ArrayList.forEach(ArrayList.java:1596)
... Removed 31 stack frames]]>
    </failure>
  </testcase> <!-- test2 -->
  <testcase classname="day38.MyTest" name="test3" time="0.0">
    <skipped/>
  </testcase> <!-- test3 -->
</testsuite> <!-- Test -->
