<?xml version="1.0" encoding="UTF-8"?>
<testng-results ignored="0" total="3" passed="3" failed="0" skipped="0">
  <reporter-output>
  </reporter-output>
  <suite started-at="2024-02-26T13:51:22 IST" name="Default suite" finished-at="2024-02-26T13:51:22 IST" duration-ms="37">
    <groups>
    </groups>
    <test started-at="2024-02-26T13:51:22 IST" name="Default test" finished-at="2024-02-26T13:51:22 IST" duration-ms="37">
      <class name="day34.FirstTest">
        <test-method signature="test1()[pri:0, instance:day34.FirstTest@7193666c]" started-at="2024-02-26T13:51:22 IST" name="test1" finished-at="2024-02-26T13:51:22 IST" duration-ms="8" status="PASS">
          <reporter-output>
          </reporter-output>
        </test-method> <!-- test1 -->
        <test-method signature="test2()[pri:0, instance:day34.FirstTest@7193666c]" started-at="2024-02-26T13:51:22 IST" name="test2" finished-at="2024-02-26T13:51:22 IST" duration-ms="1" status="PASS">
          <reporter-output>
          </reporter-output>
        </test-method> <!-- test2 -->
        <test-method signature="test3()[pri:0, instance:day34.FirstTest@7193666c]" started-at="2024-02-26T13:51:22 IST" name="test3" finished-at="2024-02-26T13:51:22 IST" duration-ms="1" status="PASS">
          <reporter-output>
          </reporter-output>
        </test-method> <!-- test3 -->
      </class> <!-- day34.FirstTest -->
    </test> <!-- Default test -->
  </suite> <!-- Default suite -->
</testng-results>
